<?xml version="1.0" encoding="UTF-8"?>
<!-- Generated by org.testng.reporters.JUnitXMLReporter -->
<testsuite hostname="salims-Air.home" ignored="0" name="Default test" tests="3" failures="0" timestamp="2020-05-02T02:12:01 EDT" time="52.592" errors="0">
  <testcase name="AzSearchBox" time="2.308" classname="AmazonPageTest.AmaznLogin_Test"/>
  <testcase name="AZNSignUP" time="2.224" classname="AmazonPageTest.AmaznLogin_Test"/>
  <testcase name="AZNlogin" time="5.644" classname="AmazonPageTest.AmaznLogin_Test"/>
</testsuite> <!-- Default test -->
